TN:
SF:src/backendConnector/backendConnector.ts
FNF:0
FNH:0
DA:5,5
DA:6,5
DA:8,5
LF:3
LH:3
BRF:0
BRH:0
end_of_record
TN:
SF:src/backendConnector/index.ts
FNF:0
FNH:0
LF:0
LH:0
BRF:0
BRH:0
end_of_record
TN:
SF:src/generic/form.ts
FN:20,(anonymous_0)
FN:22,(anonymous_1)
FN:24,(anonymous_2)
FN:26,(anonymous_3)
FN:28,(anonymous_4)
FN:39,(anonymous_5)
FNF:6
FNH:6
FNDA:11,(anonymous_0)
FNDA:159,(anonymous_1)
FNDA:102,(anonymous_2)
FNDA:101,(anonymous_3)
FNDA:101,(anonymous_4)
FNDA:529,(anonymous_5)
DA:20,11
DA:22,159
DA:24,102
DA:26,101
DA:28,101
DA:39,4
DA:43,529
LF:7
LH:7
BRF:0
BRH:0
end_of_record
TN:
SF:src/generic/index.ts
FNF:0
FNH:0
LF:0
LH:0
BRF:0
BRH:0
end_of_record
TN:
SF:src/generic/utils.ts
FN:26,(anonymous_0)
FN:29,(anonymous_1)
FNF:2
FNH:2
FNDA:101,(anonymous_0)
FNDA:101,(anonymous_1)
DA:26,2
DA:27,101
DA:29,2
DA:30,101
LF:4
LH:4
BRF:0
BRH:0
end_of_record
TN:
SF:src/hooks/AuthContext.tsx
FN:34,(anonymous_0)
FN:37,(anonymous_1)
FN:60,(anonymous_2)
FN:63,(anonymous_3)
FN:64,(anonymous_4)
FN:65,(anonymous_5)
FN:81,(anonymous_6)
FN:85,(anonymous_7)
FN:97,(anonymous_8)
FNF:9
FNH:9
FNDA:15,(anonymous_0)
FNDA:10,(anonymous_1)
FNDA:13,(anonymous_2)
FNDA:7,(anonymous_3)
FNDA:8,(anonymous_4)
FNDA:7,(anonymous_5)
FNDA:1,(anonymous_6)
FNDA:7,(anonymous_7)
FNDA:14,(anonymous_8)
DA:34,8
DA:35,15
DA:38,10
DA:40,10
DA:44,10
DA:54,8
DA:60,8
DA:61,13
DA:63,13
DA:64,7
DA:65,8
DA:66,7
DA:68,7
DA:75,7
DA:79,7
DA:81,7
DA:82,1
DA:85,7
DA:86,7
DA:90,13
DA:97,8
DA:98,14
DA:99,14
LF:23
LH:23
BRDA:35,0,0,5
BRDA:35,0,1,10
BRDA:40,1,0,4
BRDA:40,1,1,6
BRDA:40,2,0,10
BRDA:40,2,1,8
BRDA:47,3,0,10
BRDA:47,3,1,1
BRDA:66,4,0,7
BRDA:66,4,1,4
BRDA:68,5,0,3
BRDA:68,5,1,4
BRDA:99,6,0,13
BRDA:99,6,1,1
BRF:14
BRH:14
end_of_record
TN:
SF:src/main/App.tsx
FN:5,(anonymous_0)
FNF:1
FNH:0
FNDA:0,(anonymous_0)
DA:5,0
DA:6,0
LF:2
LH:0
BRF:0
BRH:0
end_of_record
TN:
SF:src/main/main.tsx
FNF:0
FNH:0
DA:6,0
DA:8,0
LF:2
LH:0
BRF:0
BRH:0
end_of_record
TN:
SF:src/main/routes.tsx
FNF:0
FNH:0
DA:20,0
LF:1
LH:0
BRF:0
BRH:0
end_of_record
TN:
SF:src/masterComponents/AppLayout.tsx
FN:45,(anonymous_0)
FN:54,(anonymous_1)
FN:55,(anonymous_2)
FNF:3
FNH:0
FNDA:0,(anonymous_0)
FNDA:0,(anonymous_1)
FNDA:0,(anonymous_2)
DA:19,0
DA:45,0
DA:50,0
DA:52,0
DA:54,0
DA:55,0
DA:56,0
DA:60,0
LF:8
LH:0
BRDA:48,0,0,0
BRDA:60,1,0,0
BRDA:60,1,1,0
BRDA:70,2,0,0
BRDA:70,2,1,0
BRF:5
BRH:0
end_of_record
TN:
SF:src/masterComponents/Login.tsx
FN:20,(anonymous_0)
FN:22,(anonymous_1)
FNF:2
FNH:2
FNDA:10,(anonymous_0)
FNDA:3,(anonymous_1)
DA:20,1
DA:21,10
DA:23,3
DA:28,3
DA:32,10
LF:5
LH:5
BRDA:37,0,0,10
BRDA:37,0,1,10
BRDA:37,0,2,9
BRF:3
BRH:3
end_of_record
TN:
SF:src/masterComponents/PropertiesMany.tsx
FN:22,(anonymous_0)
FN:30,(anonymous_1)
FN:39,(anonymous_2)
FN:44,(anonymous_3)
FN:45,(anonymous_4)
FN:51,(anonymous_5)
FN:52,(anonymous_6)
FNF:7
FNH:0
FNDA:0,(anonymous_0)
FNDA:0,(anonymous_1)
FNDA:0,(anonymous_2)
FNDA:0,(anonymous_3)
FNDA:0,(anonymous_4)
FNDA:0,(anonymous_5)
FNDA:0,(anonymous_6)
DA:22,0
DA:28,0
DA:30,0
DA:31,0
DA:35,0
DA:38,0
DA:40,0
DA:45,0
DA:51,0
DA:52,0
DA:55,0
LF:11
LH:0
BRDA:35,0,0,0
BRDA:35,0,1,0
BRDA:35,1,0,0
BRDA:35,1,1,0
BRDA:55,2,0,0
BRDA:55,2,1,0
BRDA:57,3,0,0
BRDA:57,3,1,0
BRDA:59,4,0,0
BRDA:59,4,1,0
BRF:10
BRH:0
end_of_record
TN:
SF:src/masterComponents/PropertiesSingle.tsx
FN:23,(anonymous_0)
FN:30,(anonymous_1)
FN:34,(anonymous_2)
FN:47,(anonymous_3)
FNF:4
FNH:0
FNDA:0,(anonymous_0)
FNDA:0,(anonymous_1)
FNDA:0,(anonymous_2)
FNDA:0,(anonymous_3)
DA:23,0
DA:28,0
DA:30,0
DA:31,0
DA:33,0
DA:35,0
DA:40,0
DA:43,0
DA:46,0
DA:48,0
DA:50,0
DA:55,0
DA:58,0
DA:63,0
LF:14
LH:0
BRDA:31,0,0,0
BRDA:31,0,1,0
BRDA:33,1,0,0
BRDA:33,1,1,0
BRDA:40,2,0,0
BRDA:40,2,1,0
BRDA:48,3,0,0
BRDA:48,3,1,0
BRDA:50,4,0,0
BRDA:50,4,1,0
BRDA:55,5,0,0
BRDA:55,5,1,0
BRDA:63,6,0,0
BRDA:63,6,1,0
BRDA:65,7,0,0
BRDA:65,7,1,0
BRDA:69,8,0,0
BRDA:69,8,1,0
BRF:18
BRH:0
end_of_record
TN:
SF:src/masterComponents/RoleGuard.tsx
FN:9,(anonymous_0)
FN:25,(anonymous_1)
FNF:2
FNH:2
FNDA:14,(anonymous_0)
FNDA:6,(anonymous_1)
DA:9,2
DA:13,14
DA:25,2
DA:31,6
DA:33,6
DA:35,6
LF:6
LH:6
BRDA:13,0,0,5
BRDA:13,0,1,9
BRDA:15,1,0,9
BRDA:15,1,1,5
BRDA:35,2,0,1
BRDA:35,2,1,5
BRDA:37,3,0,3
BRDA:37,3,1,2
BRF:8
BRH:8
end_of_record
TN:
SF:src/masterComponents/RoleRedirect.tsx
FN:17,(anonymous_0)
FNF:1
FNH:1
FNDA:17,(anonymous_0)
DA:5,4
DA:17,4
DA:23,17
DA:25,17
LF:4
LH:4
BRDA:19,0,0,17
BRDA:25,1,0,3
BRDA:25,1,1,14
BRDA:27,2,0,11
BRDA:27,2,1,3
BRF:5
BRH:5
end_of_record
TN:
SF:src/masterComponents/Signup.tsx
FN:22,(anonymous_0)
FN:24,(anonymous_1)
FNF:2
FNH:2
FNDA:10,(anonymous_0)
FNDA:3,(anonymous_1)
DA:22,1
DA:23,10
DA:25,3
DA:37,10
LF:4
LH:4
BRDA:42,0,0,10
BRDA:42,0,1,10
BRDA:42,0,2,9
BRF:3
BRH:3
end_of_record
TN:
SF:src/pages/AdminDashboardPage.tsx
FN:3,(anonymous_0)
FNF:1
FNH:0
FNDA:0,(anonymous_0)
DA:3,0
LF:1
LH:0
BRF:0
BRH:0
end_of_record
TN:
SF:src/pages/AdminLayoutPage.tsx
FN:8,(anonymous_0)
FNF:1
FNH:0
FNDA:0,(anonymous_0)
DA:8,0
DA:9,0
LF:2
LH:0
BRF:0
BRH:0
end_of_record
TN:
SF:src/pages/ErrorPage.tsx
FN:4,(anonymous_0)
FNF:1
FNH:0
FNDA:0,(anonymous_0)
DA:4,0
DA:5,0
DA:6,0
DA:8,0
LF:4
LH:0
BRDA:6,0,0,0
BRDA:6,0,1,0
BRF:2
BRH:0
end_of_record
TN:
SF:src/pages/LandlordDashboardPage.tsx
FN:3,(anonymous_0)
FNF:1
FNH:0
FNDA:0,(anonymous_0)
DA:3,0
LF:1
LH:0
BRF:0
BRH:0
end_of_record
TN:
SF:src/pages/LandlordLayoutPage.tsx
FN:8,(anonymous_0)
FNF:1
FNH:0
FNDA:0,(anonymous_0)
DA:8,0
DA:9,0
LF:2
LH:0
BRF:0
BRH:0
end_of_record
TN:
SF:src/pages/LoginPage.tsx
FN:6,(anonymous_0)
FNF:1
FNH:1
FNDA:6,(anonymous_0)
DA:6,1
DA:7,6
LF:2
LH:2
BRF:0
BRH:0
end_of_record
TN:
SF:src/pages/NotFoundPage.tsx
FN:3,(anonymous_0)
FNF:1
FNH:0
FNDA:0,(anonymous_0)
DA:3,0
LF:1
LH:0
BRF:0
BRH:0
end_of_record
TN:
SF:src/pages/PropertiesFormPage.tsx
FN:11,(anonymous_0)
FNF:1
FNH:0
FNDA:0,(anonymous_0)
DA:6,0
DA:11,0
DA:12,0
LF:3
LH:0
BRF:0
BRH:0
end_of_record
TN:
SF:src/pages/PropertiesListPage.tsx
FN:6,(anonymous_0)
FN:11,(anonymous_1)
FNF:2
FNH:0
FNDA:0,(anonymous_0)
FNDA:0,(anonymous_1)
DA:6,0
DA:7,0
DA:11,0
LF:3
LH:0
BRF:0
BRH:0
end_of_record
TN:
SF:src/pages/SignupPage.tsx
FN:6,(anonymous_0)
FNF:1
FNH:1
FNDA:6,(anonymous_0)
DA:6,1
DA:7,6
LF:2
LH:2
BRF:0
BRH:0
end_of_record
TN:
SF:src/pages/TenantDashboardPage.tsx
FN:3,(anonymous_0)
FNF:1
FNH:0
FNDA:0,(anonymous_0)
DA:3,0
LF:1
LH:0
BRF:0
BRH:0
end_of_record
TN:
SF:src/pages/TenantLayoutPage.tsx
FN:8,(anonymous_0)
FNF:1
FNH:0
FNDA:0,(anonymous_0)
DA:8,0
DA:9,0
LF:2
LH:0
BRF:0
BRH:0
end_of_record
TN:
SF:src/slaveComponents/AccessDenied.tsx
FN:3,(anonymous_0)
FNF:1
FNH:1
FNDA:4,(anonymous_0)
DA:3,2
DA:4,4
DA:5,4
LF:3
LH:3
BRF:0
BRH:0
end_of_record
TN:
SF:src/slaveComponents/AdminDashboard.tsx
FN:6,(anonymous_0)
FNF:1
FNH:1
FNDA:1,(anonymous_0)
DA:4,1
DA:6,1
DA:7,1
DA:8,1
LF:4
LH:4
BRF:0
BRH:0
end_of_record
TN:
SF:src/slaveComponents/AppLayoutShell.tsx
FN:6,(anonymous_0)
FN:15,(anonymous_1)
FN:29,(anonymous_2)
FN:33,(anonymous_3)
FNF:4
FNH:4
FNDA:6,(anonymous_0)
FNDA:2,(anonymous_1)
FNDA:6,(anonymous_2)
FNDA:6,(anonymous_3)
DA:6,1
DA:7,6
DA:15,1
DA:21,2
DA:25,1
DA:30,6
DA:33,6
LF:7
LH:7
BRDA:8,0,0,0
BRDA:8,0,1,6
BRF:2
BRH:1
end_of_record
TN:
SF:src/slaveComponents/ErrorDisplay.tsx
FN:7,(anonymous_0)
FNF:1
FNH:1
FNDA:7,(anonymous_0)
DA:7,2
DA:8,7
DA:11,6
LF:3
LH:3
BRDA:8,0,0,4
BRDA:8,0,1,3
BRF:2
BRH:2
end_of_record
TN:
SF:src/slaveComponents/ErrorMessage.tsx
FN:6,(anonymous_0)
FNF:1
FNH:1
FNDA:3,(anonymous_0)
DA:6,1
DA:7,3
DA:8,1
LF:3
LH:3
BRF:0
BRH:0
end_of_record
TN:
SF:src/slaveComponents/LandlordDashboard.tsx
FN:6,(anonymous_0)
FNF:1
FNH:1
FNDA:1,(anonymous_0)
DA:4,1
DA:6,1
DA:7,1
DA:8,1
LF:4
LH:4
BRF:0
BRH:0
end_of_record
TN:
SF:src/slaveComponents/LoadingSpinner.tsx
FN:1,(anonymous_0)
FNF:1
FNH:1
FNDA:3,(anonymous_0)
DA:1,3
DA:2,3
DA:3,3
LF:3
LH:3
BRF:0
BRH:0
end_of_record
TN:
SF:src/slaveComponents/LoginForm.tsx
FN:4,(anonymous_0)
FN:17,(anonymous_1)
FN:22,(anonymous_2)
FNF:3
FNH:3
FNDA:9,(anonymous_0)
FNDA:14,(anonymous_1)
FNDA:4,(anonymous_2)
DA:4,9
DA:10,3
DA:12,3
DA:15,3
DA:17,3
DA:22,14
DA:23,4
DA:24,4
DA:25,4
DA:28,14
DA:32,11
LF:11
LH:11
BRDA:5,0,0,9
BRDA:5,0,1,2
BRDA:6,1,0,9
BRDA:6,1,1,2
BRDA:34,2,0,14
BRDA:34,2,1,2
BRDA:69,3,0,4
BRDA:69,3,1,10
BRF:8
BRH:8
end_of_record
TN:
SF:src/slaveComponents/NotFound.tsx
FN:3,(anonymous_0)
FNF:1
FNH:1
FNDA:4,(anonymous_0)
DA:3,2
DA:4,4
DA:5,4
LF:3
LH:3
BRF:0
BRH:0
end_of_record
TN:
SF:src/slaveComponents/PropertiesFormFields.tsx
FN:31,(anonymous_0)
FN:64,(anonymous_1)
FN:70,(anonymous_2)
FN:73,(anonymous_3)
FN:75,(anonymous_4)
FN:81,(anonymous_5)
FN:84,(anonymous_6)
FN:104,(anonymous_7)
FN:106,(anonymous_8)
FN:109,(anonymous_9)
FN:124,(anonymous_10)
FN:126,(anonymous_11)
FN:129,(anonymous_12)
FN:143,(anonymous_13)
FN:145,(anonymous_14)
FN:148,(anonymous_15)
FN:151,(anonymous_16)
FN:165,(anonymous_17)
FN:167,(anonymous_18)
FN:170,(anonymous_19)
FN:173,(anonymous_20)
FN:193,(anonymous_21)
FN:195,(anonymous_22)
FN:198,(anonymous_23)
FN:215,(anonymous_24)
FN:217,(anonymous_25)
FN:220,(anonymous_26)
FN:238,(anonymous_27)
FN:240,(anonymous_28)
FN:244,(anonymous_29)
FN:259,(anonymous_30)
FN:261,(anonymous_31)
FN:265,(anonymous_32)
FN:280,(anonymous_33)
FN:282,(anonymous_34)
FN:286,(anonymous_35)
FNF:36
FNH:11
FNDA:14,(anonymous_0)
FNDA:31,(anonymous_1)
FNDA:1,(anonymous_2)
FNDA:1,(anonymous_3)
FNDA:1,(anonymous_4)
FNDA:0,(anonymous_5)
FNDA:0,(anonymous_6)
FNDA:17,(anonymous_7)
FNDA:17,(anonymous_8)
FNDA:0,(anonymous_9)
FNDA:10,(anonymous_10)
FNDA:10,(anonymous_11)
FNDA:0,(anonymous_12)
FNDA:0,(anonymous_13)
FNDA:0,(anonymous_14)
FNDA:0,(anonymous_15)
FNDA:124,(anonymous_16)
FNDA:0,(anonymous_17)
FNDA:0,(anonymous_18)
FNDA:0,(anonymous_19)
FNDA:93,(anonymous_20)
FNDA:0,(anonymous_21)
FNDA:0,(anonymous_22)
FNDA:0,(anonymous_23)
FNDA:0,(anonymous_24)
FNDA:0,(anonymous_25)
FNDA:0,(anonymous_26)
FNDA:0,(anonymous_27)
FNDA:0,(anonymous_28)
FNDA:0,(anonymous_29)
FNDA:0,(anonymous_30)
FNDA:0,(anonymous_31)
FNDA:0,(anonymous_32)
FNDA:0,(anonymous_33)
FNDA:0,(anonymous_34)
FNDA:0,(anonymous_35)
DA:1,1
DA:19,2
DA:31,14
DA:45,2
DA:54,2
DA:60,2
DA:61,2
DA:62,2
DA:64,2
DA:65,31
DA:66,31
DA:70,31
DA:71,1
DA:72,1
DA:74,1
DA:75,1
DA:76,1
DA:84,31
DA:85,0
DA:88,31
DA:90,1
DA:105,17
DA:107,17
DA:125,10
DA:127,10
DA:144,0
DA:146,0
DA:152,124
DA:166,0
DA:168,0
DA:174,93
DA:194,0
DA:196,0
DA:216,0
DA:218,0
DA:239,0
DA:241,0
DA:242,0
DA:260,0
DA:262,0
DA:263,0
DA:281,0
DA:283,0
DA:284,0
LF:44
LH:26
BRDA:67,0,0,1
BRDA:67,0,1,30
BRDA:76,1,0,0
BRDA:76,1,1,1
BRDA:91,2,0,1
BRDA:91,2,1,30
BRDA:102,3,0,0
BRDA:102,3,1,31
BRDA:122,4,0,0
BRDA:122,4,1,31
BRDA:141,5,0,0
BRDA:141,5,1,31
BRDA:163,6,0,0
BRDA:163,6,1,31
BRDA:191,7,0,0
BRDA:191,7,1,31
BRDA:196,8,0,0
BRDA:196,8,1,0
BRDA:213,9,0,0
BRDA:213,9,1,31
BRDA:218,10,0,0
BRDA:218,10,1,0
BRDA:236,11,0,0
BRDA:236,11,1,31
BRDA:236,12,0,31
BRDA:236,12,1,30
BRDA:241,13,0,0
BRDA:241,13,1,0
BRDA:257,14,0,0
BRDA:257,14,1,31
BRDA:257,15,0,31
BRDA:257,15,1,30
BRDA:262,16,0,0
BRDA:262,16,1,0
BRDA:278,17,0,0
BRDA:278,17,1,31
BRDA:278,18,0,31
BRDA:278,18,1,31
BRDA:283,19,0,0
BRDA:283,19,1,0
BRDA:292,20,0,0
BRDA:292,20,1,31
BRDA:310,21,0,1
BRDA:310,21,1,30
BRDA:67,22,0,1
BRDA:67,22,1,30
BRF:46
BRH:25
end_of_record
TN:
SF:src/slaveComponents/PropertiesTable.tsx
FN:29,(anonymous_0)
FN:31,(anonymous_1)
FN:34,(anonymous_2)
FN:48,(anonymous_3)
FN:67,(anonymous_4)
FN:29,(anonymous_0)
FNF:6
FNH:5
FNDA:0,(anonymous_0)
FNDA:1,(anonymous_1)
FNDA:3,(anonymous_2)
FNDA:5,(anonymous_3)
FNDA:1,(anonymous_4)
FNDA:4,(anonymous_0)
DA:8,2
DA:16,2
DA:29,2
DA:30,5
DA:32,1
DA:35,3
DA:49,5
DA:67,1
LF:8
LH:8
BRF:0
BRH:0
end_of_record
TN:
SF:src/slaveComponents/SignupForm.tsx
FN:4,(anonymous_0)
FN:19,(anonymous_1)
FN:24,(anonymous_2)
FNF:3
FNH:3
FNDA:11,(anonymous_0)
FNDA:14,(anonymous_1)
FNDA:4,(anonymous_2)
DA:4,11
DA:12,3
DA:14,3
DA:17,3
DA:19,3
DA:24,14
DA:25,4
DA:26,4
DA:27,4
DA:30,14
DA:34,11
LF:11
LH:11
BRDA:5,0,0,11
BRDA:5,0,1,2
BRDA:6,1,0,11
BRDA:6,1,1,2
BRDA:7,2,0,11
BRDA:7,2,1,2
BRDA:8,3,0,11
BRDA:8,3,1,2
BRDA:36,4,0,14
BRDA:36,4,1,2
BRDA:99,5,0,4
BRDA:99,5,1,10
BRF:12
BRH:12
end_of_record
TN:
SF:src/slaveComponents/TenantDashboard.tsx
FN:1,(anonymous_0)
FNF:1
FNH:1
FNDA:1,(anonymous_0)
DA:1,1
DA:2,1
DA:4,1
LF:3
LH:3
BRF:0
BRH:0
end_of_record
